[18:53:04] [main/INFO]: Using mbed TLS based native cipher.
[18:53:04] [main/INFO]: Using zlib based native compressor.
[18:53:04] [main/INFO]: Enabled Waterfall version git:Waterfall-Bootstrap:1.19-R0.1-SNAPSHOT:f6069e2:513
[18:53:04] [main/INFO]: Not on Windows, attempting to use enhanced EpollEventLoop
[18:53:04] [main/INFO]: Epoll is working, utilising it!
[18:53:04] [main/INFO]: Discovered module: ModuleSpec(name=cmd_alert, file=modules/cmd_alert.jar, provider=JenkinsModuleSource())
[18:53:04] [main/INFO]: Discovered module: ModuleSpec(name=cmd_find, file=modules/cmd_find.jar, provider=JenkinsModuleSource())
[18:53:04] [main/INFO]: Discovered module: ModuleSpec(name=cmd_list, file=modules/cmd_list.jar, provider=JenkinsModuleSource())
[18:53:04] [main/INFO]: Discovered module: ModuleSpec(name=cmd_send, file=modules/cmd_send.jar, provider=JenkinsModuleSource())
[18:53:04] [main/INFO]: Discovered module: ModuleSpec(name=cmd_server, file=modules/cmd_server.jar, provider=JenkinsModuleSource())
[18:53:04] [main/INFO]: Discovered module: ModuleSpec(name=reconnect_yaml, file=modules/reconnect_yaml.jar, provider=JenkinsModuleSource())
[18:53:04] [main/INFO]: Loaded plugin reconnect_yaml version git:reconnect_yaml:1.19-R0.1-SNAPSHOT:f6069e2:513 by WaterfallMC
[18:53:04] [main/INFO]: Loaded plugin cmd_find version git:cmd_find:1.19-R0.1-SNAPSHOT:f6069e2:513 by WaterfallMC
[18:53:04] [main/INFO]: Loaded plugin cmd_server version git:cmd_server:1.19-R0.1-SNAPSHOT:f6069e2:513 by WaterfallMC
[18:53:04] [main/INFO]: Loaded plugin cmd_alert version git:cmd_alert:1.19-R0.1-SNAPSHOT:f6069e2:513 by WaterfallMC
[18:53:04] [main/INFO]: Loaded plugin cmd_send version git:cmd_send:1.19-R0.1-SNAPSHOT:f6069e2:513 by WaterfallMC
[18:53:04] [main/INFO]: Loaded plugin cmd_list version git:cmd_list:1.19-R0.1-SNAPSHOT:f6069e2:513 by WaterfallMC
[18:53:04] [main/WARN]: :>:>:>:>:>:>:>:>:>:>:>:>:>:>:>:>:>:>:>:>:>:>:>
[18:53:04] [main/WARN]: :>  
[18:53:04] [main/WARN]: :>      EAGLERCRAFTXBUNGEE WARNING:
[18:53:04] [main/WARN]: :>  
[18:53:04] [main/WARN]: :>  This plugin wasn't tested to be 'working'
[18:53:04] [main/WARN]: :>  with ANY version of BungeeCord (and forks)
[18:53:04] [main/WARN]: :>  apart from the versions listed below:
[18:53:04] [main/WARN]: :>  
[18:53:04] [main/WARN]: :>  - BungeeCord: 1.20-R0.3-SNAPSHOT:eda268b:1797
[18:53:04] [main/WARN]: :>  - Waterfall: 1.20-R0.2-SNAPSHOT:92b5149:562
[18:53:04] [main/WARN]: :>  - FlameCord: 1.1.1
[18:53:04] [main/WARN]: :>  
[18:53:04] [main/WARN]: :>  This is not a Bukkit/Spigot plugin!
[18:53:04] [main/WARN]: :>  
[18:53:04] [main/WARN]: :>  Use "-Deaglerxbungee.stfu=true" to hide
[18:53:04] [main/WARN]: :>  
[18:53:04] [main/WARN]: :>:>:>:>:>:>:>:>:>:>:>:>:>:>:>:>:>:>:>:>:>:>:>
[18:53:04] [main/INFO] [EaglercraftXBungee]: Loading vanilla profile: lax1dude
[18:53:05] [Skin Download Thread #1/INFO] [EaglercraftXBungee]: Loaded vanilla profile: lax1dude
[18:53:05] [main/INFO]: Loaded plugin EaglercraftXBungee version 1.0.10 by lax1dude
[18:53:05] [main/WARN]: Forced host server pvp is not defined
[18:53:05] [main/INFO]: Enabled plugin reconnect_yaml version git:reconnect_yaml:1.19-R0.1-SNAPSHOT:f6069e2:513 by WaterfallMC
[18:53:05] [main/INFO]: Enabled plugin cmd_find version git:cmd_find:1.19-R0.1-SNAPSHOT:f6069e2:513 by WaterfallMC
[18:53:05] [main/INFO]: Enabled plugin cmd_server version git:cmd_server:1.19-R0.1-SNAPSHOT:f6069e2:513 by WaterfallMC
[18:53:05] [main/INFO]: Enabled plugin cmd_alert version git:cmd_alert:1.19-R0.1-SNAPSHOT:f6069e2:513 by WaterfallMC
[18:53:05] [main/INFO]: Enabled plugin cmd_send version git:cmd_send:1.19-R0.1-SNAPSHOT:f6069e2:513 by WaterfallMC
[18:53:05] [main/INFO]: Enabled plugin cmd_list version git:cmd_list:1.19-R0.1-SNAPSHOT:f6069e2:513 by WaterfallMC
[18:53:05] [main/ERROR] [EaglercraftXBungee]: Online mode is set to false! Authentication system has been disabled
[18:53:05] [Netty Worker IO Thread #0/INFO] [EaglercraftXBungee]: Eaglercraft is listening on: /0.0.0.0:8081
[18:53:05] [main/INFO] [EaglercraftXBungee]: Connected to database: jdbc:sqlite:eaglercraft_skins_cache.db
[18:53:05] [main/INFO]: Enabled plugin EaglercraftXBungee version 1.0.10 by lax1dude
[18:53:05] [Netty Boss IO Thread #0/INFO]: Listening on /127.0.0.1:25577
[18:53:05] [EaglerXBungee: Network Tick Tasks/INFO] [EaglercraftXBungee]: Loaded certificate: /workspaces/Immortalsmpp/bungee/plugins/EaglercraftXBungee/eagcert/$dl.11da5ec1e9d8efe3fa0e9998b0c264f5c8cb155f.cert
[19:10:50] [Netty Worker IO Thread #3/INFO] [EaglercraftXBungee]: [/[0:0:0:0:0:0:0:1%0]:50958]: Connected via websocket
[19:10:50] [Netty Worker IO Thread #3/INFO] [EaglercraftXBungee]: [/[0:0:0:0:0:0:0:1%0]:50958]: Origin header is null
[19:10:51] [Netty Worker IO Thread #3/INFO] [EaglercraftXBungee]: [/[0:0:0:0:0:0:0:1%0]:50958]: Logged in as 'GalaxyTheForbidd'
[19:10:51] [Netty Worker IO Thread #3/INFO]: [/[0:0:0:0:0:0:0:1%0]:50958|GalaxyTheForbidd] -> UpstreamBridge has connected
[19:10:51] [Netty Worker IO Thread #3/INFO]: [GalaxyTheForbidd|/[0:0:0:0:0:0:0:1%0]:50958] <-> ServerConnector [lobby] has connected
